<?xml version="1.0" encoding="UTF-8"?>
<!-- Generated by org.testng.reporters.JUnitReportReporter -->
<testsuite hostname="LAPTOP-SHES7VAH" failures="0" tests="4" name="Beforeclass.method" time="0.011" errors="0" timestamp="2024-08-22T14:11:38 IST" skipped="0">
  <testcase classname="Beforeclass.method" name="test1" time="0.007"/>
  <system-out/>
  <testcase classname="Beforeclass.method" name="test3" time="0.001"/>
  <system-out/>
  <testcase classname="Beforeclass.method" name="test3" time="0.002"/>
  <system-out/>
  <testcase classname="Beforeclass.method" name="test2" time="0.001"/>
  <system-out/>
</testsuite> <!-- Beforeclass.method -->
